# JRE version: OpenJDK Runtime Environment (8.0_152-b02) (build 1.8.0_152-release-1024-b02)
# Java VM: OpenJDK 64-Bit Server VM (25.152-b02 mixed mode windows-amd64 compressed oops)
Heap:
 PSYoungGen      total 398848K, used 204287K [0x00000000e0000000, 0x00000000ff480000, 0x0000000100000000)
  eden space 388608K, 50% used [0x00000000e0000000,0x00000000ebdd2638,0x00000000f7b80000)
  from space 10240K, 96% used [0x00000000fea80000,0x00000000ff42d600,0x00000000ff480000)
  to   space 20480K, 0% used [0x00000000fcc80000,0x00000000fcc80000,0x00000000fe080000)
 ParOldGen       total 77312K, used 48255K [0x00000000a0000000, 0x00000000a4b80000, 0x00000000e0000000)
  object space 77312K, 62% used [0x00000000a0000000,0x00000000a2f1ff90,0x00000000a4b80000)
 Metaspace       used 79238K, capacity 82572K, committed 82776K, reserved 1122304K
  class space    used 10162K, capacity 10827K, committed 10880K, reserved 1048576K
GC Heap History (10 events):
Event: 235.736 GC heap before
{Heap before GC invocations=13 (full 2):
 PSYoungGen      total 292352K, used 37871K [0x00000000e0000000, 0x00000000f3680000, 0x0000000100000000)
  eden space 275456K, 7% used [0x00000000e0000000,0x00000000e14828f0,0x00000000f0d00000)
  from space 16896K, 99% used [0x00000000f2180000,0x00000000f31f9540,0x00000000f3200000)
  to   space 20992K, 0% used [0x00000000f0d00000,0x00000000f0d00000,0x00000000f2180000)
 ParOldGen       total 49152K, used 25390K [0x00000000a0000000, 0x00000000a3000000, 0x00000000e0000000)
  object space 49152K, 51% used [0x00000000a0000000,0x00000000a18cbb80,0x00000000a3000000)
 Metaspace       used 57214K, capacity 58966K, committed 59028K, reserved 1099776K
  class space    used 7759K, capacity 8188K, committed 8192K, reserved 1048576K
Event: 235.824 GC heap after
Heap after GC invocations=13 (full 2):
 PSYoungGen      total 296448K, used 3312K [0x00000000e0000000, 0x00000000fb980000, 0x0000000100000000)
  eden space 275456K, 0% used [0x00000000e0000000,0x00000000e0000000,0x00000000f0d00000)
  from space 20992K, 15% used [0x00000000f0d00000,0x00000000f103c010,0x00000000f2180000)
  to   space 20992K, 0% used [0x00000000fa500000,0x00000000fa500000,0x00000000fb980000)
 ParOldGen       total 49152K, used 42179K [0x00000000a0000000, 0x00000000a3000000, 0x00000000e0000000)
  object space 49152K, 85% used [0x00000000a0000000,0x00000000a2930f00,0x00000000a3000000)
 Metaspace       used 57214K, capacity 58966K, committed 59028K, reserved 1099776K
  class space    used 7759K, capacity 8188K, committed 8192K, reserved 1048576K
}
Event: 235.824 GC heap before
{Heap before GC invocations=14 (full 3):
 PSYoungGen      total 296448K, used 3312K [0x00000000e0000000, 0x00000000fb980000, 0x0000000100000000)
  eden space 275456K, 0% used [0x00000000e0000000,0x00000000e0000000,0x00000000f0d00000)
  from space 20992K, 15% used [0x00000000f0d00000,0x00000000f103c010,0x00000000f2180000)
  to   space 20992K, 0% used [0x00000000fa500000,0x00000000fa500000,0x00000000fb980000)
 ParOldGen       total 49152K, used 42179K [0x00000000a0000000, 0x00000000a3000000, 0x00000000e0000000)
  object space 49152K, 85% used [0x00000000a0000000,0x00000000a2930f00,0x00000000a3000000)
 Metaspace       used 57214K, capacity 58966K, committed 59028K, reserved 1099776K
  class space    used 7759K, capacity 8188K, committed 8192K, reserved 1048576K
Event: 236.166 GC heap after
Heap after GC invocations=14 (full 3):
 PSYoungGen      total 296448K, used 0K [0x00000000e0000000, 0x00000000fb980000, 0x0000000100000000)
  eden space 275456K, 0% used [0x00000000e0000000,0x00000000e0000000,0x00000000f0d00000)
  from space 20992K, 0% used [0x00000000f0d00000,0x00000000f0d00000,0x00000000f2180000)
  to   space 20992K, 0% used [0x00000000fa500000,0x00000000fa500000,0x00000000fb980000)
 ParOldGen       total 77312K, used 33241K [0x00000000a0000000, 0x00000000a4b80000, 0x00000000e0000000)
  object space 77312K, 42% used [0x00000000a0000000,0x00000000a2076790,0x00000000a4b80000)
 Metaspace       used 57214K, capacity 58966K, committed 59028K, reserved 1099776K
  class space    used 7759K, capacity 8188K, committed 8192K, reserved 1048576K
}
Event: 249.535 GC heap before
{Heap before GC invocations=15 (full 3):
 PSYoungGen      total 296448K, used 275027K [0x00000000e0000000, 0x00000000fb980000, 0x0000000100000000)
  eden space 275456K, 99% used [0x00000000e0000000,0x00000000f0c94e18,0x00000000f0d00000)
  from space 20992K, 0% used [0x00000000f0d00000,0x00000000f0d00000,0x00000000f2180000)
  to   space 20992K, 0% used [0x00000000fa500000,0x00000000fa500000,0x00000000fb980000)
 ParOldGen       total 77312K, used 33241K [0x00000000a0000000, 0x00000000a4b80000, 0x00000000e0000000)
  object space 77312K, 42% used [0x00000000a0000000,0x00000000a2076790,0x00000000a4b80000)
 Metaspace       used 63142K, capacity 65056K, committed 65240K, reserved 1105920K
  class space    used 8386K, capacity 8845K, committed 8960K, reserved 1048576K
Event: 249.565 GC heap after
Heap after GC invocations=15 (full 3):
 PSYoungGen      total 427008K, used 14174K [0x00000000e0000000, 0x00000000fb880000, 0x0000000100000000)
  eden space 407040K, 0% used [0x00000000e0000000,0x00000000e0000000,0x00000000f8d80000)
  from space 19968K, 70% used [0x00000000fa500000,0x00000000fb2d7a00,0x00000000fb880000)
  to   space 22016K, 0% used [0x00000000f8d80000,0x00000000f8d80000,0x00000000fa300000)
 ParOldGen       total 77312K, used 33249K [0x00000000a0000000, 0x00000000a4b80000, 0x00000000e0000000)
  object space 77312K, 43% used [0x00000000a0000000,0x00000000a2078790,0x00000000a4b80000)
 Metaspace       used 63142K, capacity 65056K, committed 65240K, reserved 1105920K
  class space    used 8386K, capacity 8845K, committed 8960K, reserved 1048576K
}
Event: 275.825 GC heap before
{Heap before GC invocations=16 (full 3):
 PSYoungGen      total 427008K, used 421214K [0x00000000e0000000, 0x00000000fb880000, 0x0000000100000000)
  eden space 407040K, 100% used [0x00000000e0000000,0x00000000f8d80000,0x00000000f8d80000)
  from space 19968K, 70% used [0x00000000fa500000,0x00000000fb2d7a00,0x00000000fb880000)
  to   space 22016K, 0% used [0x00000000f8d80000,0x00000000f8d80000,0x00000000fa300000)
 ParOldGen       total 77312K, used 33249K [0x00000000a0000000, 0x00000000a4b80000, 0x00000000e0000000)
  object space 77312K, 43% used [0x00000000a0000000,0x00000000a2078790,0x00000000a4b80000)
 Metaspace       used 74278K, capacity 77056K, committed 77272K, reserved 1116160K
  class space    used 9823K, capacity 10411K, committed 10496K, reserved 1048576K
Event: 275.881 GC heap after
Heap after GC invocations=16 (full 3):
 PSYoungGen      total 429056K, used 12697K [0x00000000e0000000, 0x0000000100000000, 0x0000000100000000)
  eden space 407040K, 0% used [0x00000000e0000000,0x00000000e0000000,0x00000000f8d80000)
  from space 22016K, 57% used [0x00000000f8d80000,0x00000000f99e6480,0x00000000fa300000)
  to   space 22016K, 0% used [0x00000000fea80000,0x00000000fea80000,0x0000000100000000)
 ParOldGen       total 77312K, used 44943K [0x00000000a0000000, 0x00000000a4b80000, 0x00000000e0000000)
  object space 77312K, 58% used [0x00000000a0000000,0x00000000a2be3e40,0x00000000a4b80000)
 Metaspace       used 74278K, capacity 77056K, committed 77272K, reserved 1116160K
  class space    used 9823K, capacity 10411K, committed 10496K, reserved 1048576K
}
Event: 6410.394 GC heap before
{Heap before GC invocations=17 (full 3):
 PSYoungGen      total 429056K, used 419737K [0x00000000e0000000, 0x0000000100000000, 0x0000000100000000)
  eden space 407040K, 100% used [0x00000000e0000000,0x00000000f8d80000,0x00000000f8d80000)
  from space 22016K, 57% used [0x00000000f8d80000,0x00000000f99e6480,0x00000000fa300000)
  to   space 22016K, 0% used [0x00000000fea80000,0x00000000fea80000,0x0000000100000000)
 ParOldGen       total 77312K, used 44943K [0x00000000a0000000, 0x00000000a4b80000, 0x00000000e0000000)
  object space 77312K, 58% used [0x00000000a0000000,0x00000000a2be3e40,0x00000000a4b80000)
 Metaspace       used 78511K, capacity 81766K, committed 82008K, reserved 1120256K
  class space    used 10104K, capacity 10764K, committed 10880K, reserved 1048576K
Event: 6433.564 GC heap after
Heap after GC invocations=17 (full 3):
 PSYoungGen      total 398848K, used 9909K [0x00000000e0000000, 0x00000000ff480000, 0x0000000100000000)
  eden space 388608K, 0% used [0x00000000e0000000,0x00000000e0000000,0x00000000f7b80000)
  from space 10240K, 96% used [0x00000000fea80000,0x00000000ff42d600,0x00000000ff480000)
  to   space 20480K, 0% used [0x00000000fcc80000,0x00000000fcc80000,0x00000000fe080000)
 ParOldGen       total 77312K, used 48255K [0x00000000a0000000, 0x00000000a4b80000, 0x00000000e0000000)
  object space 77312K, 62% used [0x00000000a0000000,0x00000000a2f1ff90,0x00000000a4b80000)
 Metaspace       used 78511K, capacity 81766K, committed 82008K, reserved 1120256K
  class space    used 10104K, capacity 10764K, committed 10880K, reserved 1048576K
}

